[    0.000000] Linux version 4.15.0-72-generic (buildd@lcy01-amd64-026) (gcc version 7.4.0 (Ubuntu 7.4.0-1ubuntu1~18.04.1)) #81-Ubuntu SMP Tue Nov 26 12:20:02 UTC 2019 (Ubuntu 4.15.0-72.81-generic 4.15.18)
[    0.000000] Command line: BOOT_IMAGE=/boot/vmlinuz-4.15.0-72-generic root=LABEL=cloudimg-rootfs ro console=tty1 console=ttyS0
[    0.000000] KERNEL supported cpus:
[    0.000000]   Intel GenuineIntel
[    0.000000]   AMD AuthenticAMD
[    0.000000]   Centaur CentaurHauls
[    0.000000] x86/fpu: Supporting XSAVE feature 0x001: 'x87 floating point registers'
[    0.000000] x86/fpu: Supporting XSAVE feature 0x002: 'SSE registers'
[    0.000000] x86/fpu: Supporting XSAVE feature 0x004: 'AVX registers'
[    0.000000] x86/fpu: xstate_offset[2]:  576, xstate_sizes[2]:  256
[    0.000000] x86/fpu: Enabled xstate features 0x7, context size is 832 bytes, using 'standard' format.
[    0.000000] e820: BIOS-provided physical RAM map:
[    0.000000] BIOS-e820: [mem 0x0000000000000000-0x000000000009fbff] usable
[    0.000000] BIOS-e820: [mem 0x000000000009fc00-0x000000000009ffff] reserved
[    0.000000] BIOS-e820: [mem 0x00000000000f0000-0x00000000000fffff] reserved
[    0.000000] BIOS-e820: [mem 0x0000000000100000-0x00000000dffeffff] usable
[    0.000000] BIOS-e820: [mem 0x00000000dfff0000-0x00000000dfffffff] ACPI data
[    0.000000] BIOS-e820: [mem 0x00000000fec00000-0x00000000fec00fff] reserved
[    0.000000] BIOS-e820: [mem 0x00000000fee00000-0x00000000fee00fff] reserved
[    0.000000] BIOS-e820: [mem 0x00000000fffc0000-0x00000000ffffffff] reserved
[    0.000000] BIOS-e820: [mem 0x0000000100000000-0x0000000196ffffff] usable
[    0.000000] NX (Execute Disable) protection: active
[    0.000000] SMBIOS 2.5 present.
[    0.000000] DMI: innotek GmbH VirtualBox/VirtualBox, BIOS VirtualBox 12/01/2006
[    0.000000] Hypervisor detected: KVM
[    0.000000] e820: last_pfn = 0x197000 max_arch_pfn = 0x400000000
[    0.000000] MTRR: Disabled
[    0.000000] x86/PAT: MTRRs disabled, skipping PAT initialization too.
[    0.000000] CPU MTRRs all blank - virtualized system.
[    0.000000] x86/PAT: Configuration [0-7]: WB  WT  UC- UC  WB  WT  UC- UC  
[    0.000000] e820: last_pfn = 0xdfff0 max_arch_pfn = 0x400000000
[    0.000000] found SMP MP-table at [mem 0x0009fff0-0x0009ffff]
[    0.000000] Scanning 1 areas for low memory corruption
[    0.000000] RAMDISK: [mem 0x35a71000-0x36d2ffff]
[    0.000000] ACPI: Early table checksum verification disabled
[    0.000000] ACPI: RSDP 0x00000000000E0000 000024 (v02 VBOX  )
[    0.000000] ACPI: XSDT 0x00000000DFFF0030 00003C (v01 VBOX   VBOXXSDT 00000001 ASL  00000061)
[    0.000000] ACPI: FACP 0x00000000DFFF00F0 0000F4 (v04 VBOX   VBOXFACP 00000001 ASL  00000061)
[    0.000000] ACPI: DSDT 0x00000000DFFF0470 0022EA (v02 VBOX   VBOXBIOS 00000002 INTL 20100528)
[    0.000000] ACPI: FACS 0x00000000DFFF0200 000040
[    0.000000] ACPI: FACS 0x00000000DFFF0200 000040
[    0.000000] ACPI: APIC 0x00000000DFFF0240 00005C (v02 VBOX   VBOXAPIC 00000001 ASL  00000061)
[    0.000000] ACPI: SSDT 0x00000000DFFF02A0 0001CC (v01 VBOX   VBOXCPUT 00000002 INTL 20100528)
[    0.000000] No NUMA configuration found
[    0.000000] Faking a node at [mem 0x0000000000000000-0x0000000196ffffff]
[    0.000000] NODE_DATA(0) allocated [mem 0x196fd5000-0x196ffffff]
[    0.000000] kvm-clock: cpu 0, msr 1:96f54001, primary cpu clock
[    0.000000] kvm-clock: Using msrs 4b564d01 and 4b564d00
[    0.000000] kvm-clock: using sched offset of 3979856303 cycles
[    0.000000] clocksource: kvm-clock: mask: 0xffffffffffffffff max_cycles: 0x1cd42e4dffb, max_idle_ns: 881590591483 ns
[    0.000000] Zone ranges:
[    0.000000]   DMA      [mem 0x0000000000001000-0x0000000000ffffff]
[    0.000000]   DMA32    [mem 0x0000000001000000-0x00000000ffffffff]
[    0.000000]   Normal   [mem 0x0000000100000000-0x0000000196ffffff]
[    0.000000]   Device   empty
[    0.000000] Movable zone start for each node
[    0.000000] Early memory node ranges
[    0.000000]   node   0: [mem 0x0000000000001000-0x000000000009efff]
[    0.000000]   node   0: [mem 0x0000000000100000-0x00000000dffeffff]
[    0.000000]   node   0: [mem 0x0000000100000000-0x0000000196ffffff]
[    0.000000] Reserved but unavailable: 98 pages
[    0.000000] Initmem setup node 0 [mem 0x0000000000001000-0x0000000196ffffff]
[    0.000000] ACPI: PM-Timer IO Port: 0x4008
[    0.000000] IOAPIC[0]: apic_id 2, version 32, address 0xfec00000, GSI 0-23
[    0.000000] ACPI: INT_SRC_OVR (bus 0 bus_irq 0 global_irq 2 dfl dfl)
[    0.000000] ACPI: INT_SRC_OVR (bus 0 bus_irq 9 global_irq 9 low level)
[    0.000000] Using ACPI (MADT) for SMP configuration information
[    0.000000] smpboot: Allowing 2 CPUs, 0 hotplug CPUs
[    0.000000] PM: Registered nosave memory: [mem 0x00000000-0x00000fff]
[    0.000000] PM: Registered nosave memory: [mem 0x0009f000-0x0009ffff]
[    0.000000] PM: Registered nosave memory: [mem 0x000a0000-0x000effff]
[    0.000000] PM: Registered nosave memory: [mem 0x000f0000-0x000fffff]
[    0.000000] PM: Registered nosave memory: [mem 0xdfff0000-0xdfffffff]
[    0.000000] PM: Registered nosave memory: [mem 0xe0000000-0xfebfffff]
[    0.000000] PM: Registered nosave memory: [mem 0xfec00000-0xfec00fff]
[    0.000000] PM: Registered nosave memory: [mem 0xfec01000-0xfedfffff]
[    0.000000] PM: Registered nosave memory: [mem 0xfee00000-0xfee00fff]
[    0.000000] PM: Registered nosave memory: [mem 0xfee01000-0xfffbffff]
[    0.000000] PM: Registered nosave memory: [mem 0xfffc0000-0xffffffff]
[    0.000000] e820: [mem 0xe0000000-0xfebfffff] available for PCI devices
[    0.000000] Booting paravirtualized kernel on KVM
[    0.000000] clocksource: refined-jiffies: mask: 0xffffffff max_cycles: 0xffffffff, max_idle_ns: 7645519600211568 ns
[    0.000000] random: get_random_bytes called from start_kernel+0x99/0x4fd with crng_init=0
[    0.000000] setup_percpu: NR_CPUS:8192 nr_cpumask_bits:2 nr_cpu_ids:2 nr_node_ids:1
[    0.000000] percpu: Embedded 45 pages/cpu s147456 r8192 d28672 u1048576
[    0.000000] PV qspinlock hash table entries: 256 (order: 0, 4096 bytes)
[    0.000000] Built 1 zonelists, mobility grouping on.  Total pages: 1511865
[    0.000000] Policy zone: Normal
[    0.000000] Kernel command line: BOOT_IMAGE=/boot/vmlinuz-4.15.0-72-generic root=LABEL=cloudimg-rootfs ro console=tty1 console=ttyS0
[    0.000000] Memory: 5933000K/6143544K available (12300K kernel code, 2481K rwdata, 4264K rodata, 2428K init, 2388K bss, 210544K reserved, 0K cma-reserved)
[    0.000000] SLUB: HWalign=64, Order=0-3, MinObjects=0, CPUs=2, Nodes=1
[    0.000000] Kernel/User page tables isolation: enabled
[    0.000000] ftrace: allocating 39318 entries in 154 pages
[    0.004000] Hierarchical RCU implementation.
[    0.004000] 	RCU restricting CPUs from NR_CPUS=8192 to nr_cpu_ids=2.
[    0.004000] 	Tasks RCU enabled.
[    0.004000] RCU: Adjusting geometry for rcu_fanout_leaf=16, nr_cpu_ids=2
[    0.004000] NR_IRQS: 524544, nr_irqs: 440, preallocated irqs: 16
[    0.004000] Console: colour VGA+ 80x25
[    0.004000] console [tty1] enabled
[    0.004000] console [ttyS0] enabled
[    0.004000] ACPI: Core revision 20170831
[    0.004000] ACPI: 2 ACPI AML tables successfully acquired and loaded
[    0.004000] APIC: Switch to symmetric I/O mode setup
[    0.004000] x2apic enabled
[    0.004000] Switched APIC routing to physical x2apic.
[    0.004000] ..TIMER: vector=0x30 apic1=0 pin1=2 apic2=-1 pin2=-1
[    0.004004] tsc: Detected 2494.226 MHz processor
[    0.005064] Calibrating delay loop (skipped) preset value.. 4988.45 BogoMIPS (lpj=9976904)
[    0.008002] pid_max: default: 32768 minimum: 301
[    0.009055] Security Framework initialized
[    0.009981] Yama: becoming mindful.
[    0.010790] AppArmor: AppArmor initialized
[    0.018056] Dentry cache hash table entries: 1048576 (order: 11, 8388608 bytes)
[    0.024155] Inode-cache hash table entries: 524288 (order: 10, 4194304 bytes)
[    0.028046] Mount-cache hash table entries: 16384 (order: 5, 131072 bytes)
[    0.030305] Mountpoint-cache hash table entries: 16384 (order: 5, 131072 bytes)
[    0.032233] Last level iTLB entries: 4KB 1024, 2MB 1024, 4MB 1024
[    0.033694] Last level dTLB entries: 4KB 1024, 2MB 1024, 4MB 1024, 1GB 4
[    0.036004] Spectre V1 : Mitigation: usercopy/swapgs barriers and __user pointer sanitization
[    0.038580] Spectre V2 : Mitigation: Full generic retpoline
[    0.040003] Spectre V2 : Spectre v2 / SpectreRSB mitigation: Filling RSB on context switch
[    0.044006] Speculative Store Bypass: Vulnerable
[    0.046550] MDS: Mitigation: Clear CPU buffers
[    0.048153] Freeing SMP alternatives memory: 36K
[    0.160490] smpboot: CPU0: Intel(R) Core(TM) i7-4870HQ CPU @ 2.50GHz (family: 0x6, model: 0x46, stepping: 0x1)
[    0.162905] Performance Events: unsupported p6 CPU model 70 no PMU driver, software events only.
[    0.164034] Hierarchical SRCU implementation.
[    0.165662] NMI watchdog: Perf event create on CPU 0 failed with -2
[    0.168002] NMI watchdog: Perf NMI watchdog permanently disabled
[    0.171176] smp: Bringing up secondary CPUs ...
[    0.172081] x86: Booting SMP configuration:
[    0.173034] .... node  #0, CPUs:      #1
[    0.004000] kvm-clock: cpu 1, msr 1:96f54041, secondary cpu clock
[    0.178413] smp: Brought up 1 node, 2 CPUs
[    0.178413] smpboot: Max logical packages: 1
[    0.180009] smpboot: Total of 2 processors activated (9976.90 BogoMIPS)
[    0.181946] devtmpfs: initialized
[    0.181946] x86/mm: Memory block size: 128MB
[    0.184369] evm: security.selinux
[    0.185195] evm: security.SMACK64
[    0.186004] evm: security.SMACK64EXEC
[    0.186837] evm: security.SMACK64TRANSMUTE
[    0.188003] evm: security.SMACK64MMAP
[    0.188831] evm: security.apparmor
[    0.189603] evm: security.ima
[    0.190312] evm: security.capability
[    0.191171] clocksource: jiffies: mask: 0xffffffff max_cycles: 0xffffffff, max_idle_ns: 7645041785100000 ns
[    0.192013] futex hash table entries: 512 (order: 3, 32768 bytes)
[    0.193480] pinctrl core: initialized pinctrl subsystem
[    0.196103] RTC time: 16:38:24, date: 03/16/20
[    0.197265] NET: Registered protocol family 16
[    0.198446] audit: initializing netlink subsys (disabled)
[    0.200038] audit: type=2000 audit(1584376710.345:1): state=initialized audit_enabled=0 res=1
[    0.201993] cpuidle: using governor ladder
[    0.201993] cpuidle: using governor menu
[    0.204040] ACPI: bus type PCI registered
[    0.204972] acpiphp: ACPI Hot Plug PCI Controller Driver version: 0.5
[    0.206554] PCI: Using configuration type 1 for base access
[    0.208929] HugeTLB registered 2.00 MiB page size, pre-allocated 0 pages
[    0.209591] ACPI: Added _OSI(Module Device)
[    0.212010] ACPI: Added _OSI(Processor Device)
[    0.213156] ACPI: Added _OSI(3.0 _SCP Extensions)
[    0.214351] ACPI: Added _OSI(Processor Aggregator Device)
[    0.216004] ACPI: Added _OSI(Linux-Dell-Video)
[    0.217137] ACPI: Added _OSI(Linux-Lenovo-NV-HDMI-Audio)
[    0.218491] ACPI: Added _OSI(Linux-HPI-Hybrid-Graphics)
[    0.220423] ACPI: Executed 1 blocks of module-level executable AML code
[    0.225383] ACPI: Interpreter enabled
[    0.226251] ACPI: (supports S0 S5)
[    0.227100] ACPI: Using IOAPIC for interrupt routing
[    0.228196] PCI: Using host bridge windows from ACPI; if necessary, use "pci=nocrs" and report a bug
[    0.230446] ACPI: Enabled 2 GPEs in block 00 to 07
[    0.238770] ACPI: PCI Root Bridge [PCI0] (domain 0000 [bus 00-ff])
[    0.240007] acpi PNP0A03:00: _OSC: OS supports [ASPM ClockPM Segments MSI]
[    0.241951] acpi PNP0A03:00: _OSC: not requesting OS control; OS requires [ExtendedConfig ASPM ClockPM MSI]
[    0.244014] acpi PNP0A03:00: fail to add MMCONFIG information, can't access extended PCI configuration space under this bridge.
[    0.247538] PCI host bridge to bus 0000:00
[    0.248004] pci_bus 0000:00: root bus resource [io  0x0000-0x0cf7 window]
[    0.249529] pci_bus 0000:00: root bus resource [io  0x0d00-0xffff window]
[    0.251275] pci_bus 0000:00: root bus resource [mem 0x000a0000-0x000bffff window]
[    0.252004] pci_bus 0000:00: root bus resource [mem 0xe0000000-0xfdffffff window]
[    0.253680] pci_bus 0000:00: root bus resource [bus 00-ff]
[    0.259199] pci 0000:00:01.1: legacy IDE quirk: reg 0x10: [io  0x01f0-0x01f7]
[    0.260006] pci 0000:00:01.1: legacy IDE quirk: reg 0x14: [io  0x03f6]
[    0.261747] pci 0000:00:01.1: legacy IDE quirk: reg 0x18: [io  0x0170-0x0177]
[    0.264007] pci 0000:00:01.1: legacy IDE quirk: reg 0x1c: [io  0x0376]
[    0.298633] pci 0000:00:07.0: quirk: [io  0x4000-0x403f] claimed by PIIX4 ACPI
[    0.300024] pci 0000:00:07.0: quirk: [io  0x4100-0x410f] claimed by PIIX4 SMB
[    0.318201] ACPI: PCI Interrupt Link [LNKA] (IRQs 5 9 10 *11)
[    0.320289] ACPI: PCI Interrupt Link [LNKB] (IRQs 5 9 *10 11)
[    0.321964] ACPI: PCI Interrupt Link [LNKC] (IRQs 5 *9 10 11)
[    0.323454] ACPI: PCI Interrupt Link [LNKD] (IRQs 5 9 10 *11)
[    0.325852] SCSI subsystem initialized
[    0.328101] pci 0000:00:02.0: vgaarb: setting as boot VGA device
[    0.329388] pci 0000:00:02.0: vgaarb: VGA device added: decodes=io+mem,owns=io+mem,locks=none
[    0.329388] pci 0000:00:02.0: vgaarb: bridge control possible
[    0.329554] vgaarb: loaded
[    0.330313] ACPI: bus type USB registered
[    0.331262] usbcore: registered new interface driver usbfs
[    0.332012] usbcore: registered new interface driver hub
[    0.336002] usbcore: registered new device driver usb
[    0.336029] EDAC MC: Ver: 3.0.0
[    0.336315] PCI: Using ACPI for IRQ routing
[    0.340007] NetLabel: Initializing
[    0.340007] NetLabel:  domain hash size = 128
[    0.340007] NetLabel:  protocols = UNLABELED CIPSOv4 CALIPSO
[    0.341373] NetLabel:  unlabeled traffic allowed by default
[    0.344089] clocksource: Switched to clocksource kvm-clock
[    0.359542] VFS: Disk quotas dquot_6.6.0
[    0.360543] VFS: Dquot-cache hash table entries: 512 (order 0, 4096 bytes)
[    0.362468] AppArmor: AppArmor Filesystem Enabled
[    0.363572] pnp: PnP ACPI init
[    0.365633] pnp: PnP ACPI: found 3 devices
[    0.372058] clocksource: acpi_pm: mask: 0xffffff max_cycles: 0xffffff, max_idle_ns: 2085701024 ns
[    0.374167] NET: Registered protocol family 2
[    0.375410] TCP established hash table entries: 65536 (order: 7, 524288 bytes)
[    0.377298] TCP bind hash table entries: 65536 (order: 8, 1048576 bytes)
[    0.380890] TCP: Hash tables configured (established 65536 bind 65536)
[    0.382510] UDP hash table entries: 4096 (order: 5, 131072 bytes)
[    0.383848] UDP-Lite hash table entries: 4096 (order: 5, 131072 bytes)
[    0.385334] NET: Registered protocol family 1
[    0.386329] pci 0000:00:00.0: Limiting direct PCI/PCI transfers
[    0.387730] pci 0000:00:01.0: Activating ISA DMA hang workarounds
[    0.389340] pci 0000:00:02.0: Video device with shadowed ROM at [mem 0x000c0000-0x000dffff]
[    0.391292] Unpacking initramfs...
[    0.669581] Freeing initrd memory: 19196K
[    0.670589] PCI-DMA: Using software bounce buffering for IO (SWIOTLB)
[    0.672148] software IO TLB: mapped [mem 0xdbff0000-0xdfff0000] (64MB)
[    0.673839] clocksource: tsc: mask: 0xffffffffffffffff max_cycles: 0x23f3eb3743e, max_idle_ns: 440795257847 ns
[    0.676214] platform rtc_cmos: registered platform RTC device (no PNP device found)
[    0.678079] Scanning for low memory corruption every 60 seconds
[    0.680130] Initialise system trusted keyrings
[    0.681259] Key type blacklist registered
[    0.682289] workingset: timestamp_bits=36 max_order=21 bucket_order=0
[    0.684798] zbud: loaded
[    0.685966] squashfs: version 4.0 (2009/01/31) Phillip Lougher
[    0.687493] fuse init (API version 7.26)
[    0.693221] Key type asymmetric registered
[    0.694245] Asymmetric key parser 'x509' registered
[    0.695449] Block layer SCSI generic (bsg) driver version 0.4 loaded (major 246)
[    0.697647] io scheduler noop registered
[    0.698728] io scheduler deadline registered
[    0.699762] io scheduler cfq registered (default)
[    0.701575] ACPI: AC Adapter [AC] (on-line)
[    0.702585] input: Power Button as /devices/LNXSYSTM:00/LNXPWRBN:00/input/input0
[    0.704334] ACPI: Power Button [PWRF]
[    0.705270] input: Sleep Button as /devices/LNXSYSTM:00/LNXSLPBN:00/input/input1
[    0.706967] ACPI: Sleep Button [SLPF]
[    0.709748] virtio-pci 0000:00:03.0: virtio_pci: leaving for legacy driver
[    0.710203] ACPI: Battery Slot [BAT0] (battery present)
[    0.711546] Serial: 8250/16550 driver, 32 ports, IRQ sharing enabled
[    0.734757] 00:02: ttyS0 at I/O 0x3f8 (irq = 4, base_baud = 115200) is a 16550A
[    0.737529] Linux agpgart interface v0.103
[    0.739456] loop: module loaded
[    0.740827] scsi host0: ata_piix
[    0.742024] scsi host1: ata_piix
[    0.742818] ata1: PATA max UDMA/33 cmd 0x1f0 ctl 0x3f6 bmdma 0xd000 irq 14
[    0.744338] ata2: PATA max UDMA/33 cmd 0x170 ctl 0x376 bmdma 0xd008 irq 15
[    0.746413] libphy: Fixed MDIO Bus: probed
[    0.747488] tun: Universal TUN/TAP device driver, 1.6
[    0.748948] PPP generic driver version 2.4.2
[    0.750192] ehci_hcd: USB 2.0 'Enhanced' Host Controller (EHCI) Driver
[    0.751629] ehci-pci: EHCI PCI platform driver
[    0.752701] ehci-platform: EHCI generic platform driver
[    0.753921] ohci_hcd: USB 1.1 'Open' Host Controller (OHCI) Driver
[    0.755237] ohci-pci: OHCI PCI platform driver
[    0.756312] ohci-platform: OHCI generic platform driver
[    0.757488] uhci_hcd: USB Universal Host Controller Interface driver
[    0.758898] i8042: PNP: PS/2 Controller [PNP0303:PS2K,PNP0f03:PS2M] at 0x60,0x64 irq 1,12
[    0.761177] serio: i8042 KBD port at 0x60,0x64 irq 1
[    0.762595] serio: i8042 AUX port at 0x60,0x64 irq 12
[    0.764067] mousedev: PS/2 mouse device common for all mice
[    0.766191] rtc_cmos rtc_cmos: rtc core: registered rtc_cmos as rtc0
[    0.767656] input: AT Translated Set 2 keyboard as /devices/platform/i8042/serio0/input/input2
[    0.769640] rtc_cmos rtc_cmos: alarms up to one day, 114 bytes nvram
[    0.771375] i2c /dev entries driver
[    0.772276] device-mapper: uevent: version 1.0.3
[    0.773716] device-mapper: ioctl: 4.37.0-ioctl (2017-09-20) initialised: dm-devel@redhat.com
[    0.775791] ledtrig-cpu: registered to indicate activity on CPUs
[    0.777970] NET: Registered protocol family 10
[    0.785371] Segment Routing with IPv6
[    0.786817] NET: Registered protocol family 17
[    0.788264] Key type dns_resolver registered
[    0.789731] mce: Using 0 MCE banks
[    0.790565] RAS: Correctable Errors collector initialized.
[    0.808314] sched_clock: Marking stable (808239673, 0)->(1132708469, -324468796)
[    0.812539] registered taskstats version 1
[    0.813701] Loading compiled-in X.509 certificates
[    0.817064] Loaded X.509 cert 'Build time autogenerated kernel key: f4f7241365689b0cbe3898188e65e316fd8f978d'
[    0.819223] zswap: loaded using pool lzo/zbud
[    0.823547] Key type big_key registered
[    0.824472] Key type trusted registered
[    0.826933] Key type encrypted registered
[    0.827921] AppArmor: AppArmor sha1 policy hashing enabled
[    0.829303] ima: No TPM chip found, activating TPM-bypass! (rc=-19)
[    0.830673] ima: Allocated hash algorithm: sha1
[    0.831726] evm: HMAC attrs: 0x1
[    0.832793]   Magic number: 12:461:641
[    0.833746] rtc_cmos rtc_cmos: setting system clock to 2020-03-16 16:38:25 UTC (1584376705)
[    0.835996] BIOS EDD facility v0.16 2004-Jun-25, 0 devices found
[    0.837405] EDD information not available.
[    0.906435] Freeing unused kernel image memory: 2428K
[    0.937119] Write protecting the kernel read-only data: 20480k
[    0.939250] Freeing unused kernel image memory: 2008K
[    0.941101] Freeing unused kernel image memory: 1880K
[    0.947433] x86/mm: Checked W+X mappings: passed, no W+X pages found.
[    0.949418] x86/mm: Checking user space page tables
[    0.957119] x86/mm: Checked W+X mappings: passed, no W+X pages found.
Loading, please wait...
starting version 237
[    1.034884] Fusion MPT base driver 3.04.20
[    1.035928] Copyright (c) 1999-2008 LSI Corporation
[    1.074340] Fusion MPT SPI Host driver 3.04.20
[    1.075611] AVX2 version of gcm_enc/dec engaged.
[    1.076915] AES CTR mode by8 optimization enabled
[    1.082211] mptbase: ioc0: Initiating bringup
[    1.087337] virtio_net virtio0 enp0s3: renamed from eth0
[    1.217574] ioc0: LSI53C1030 A0: Capabilities={Initiator}
[    1.646889] input: ImExPS/2 Generic Explorer Mouse as /devices/platform/i8042/serio1/input/input4
[    1.882633] scsi host2: ioc0: LSI53C1030 A0, FwRev=00000000h, Ports=1, MaxQ=256, IRQ=20
[    2.052987] scsi 2:0:0:0: Direct-Access     VBOX     HARDDISK         1.0  PQ: 0 ANSI: 5
[    2.657933] scsi target2:0:0: Beginning Domain Validation
[    2.662123] scsi target2:0:0: Domain Validation skipping write tests
[    2.663846] scsi target2:0:0: Ending Domain Validation
[    2.665149] scsi target2:0:0: asynchronous
[    2.666340] random: fast init done
[    2.667424] scsi 2:0:1:0: Direct-Access     VBOX     HARDDISK         1.0  PQ: 0 ANSI: 5
[    2.877143] scsi target2:0:1: Beginning Domain Validation
[    2.881510] scsi target2:0:1: Domain Validation skipping write tests
[    2.883023] scsi target2:0:1: Ending Domain Validation
[    2.884399] scsi target2:0:1: asynchronous
[    2.889098] random: systemd-udevd: uninitialized urandom read (16 bytes read)
[    2.890757] random: systemd-udevd: uninitialized urandom read (16 bytes read)
[    2.890771] sd 2:0:0:0: Attached scsi generic sg0 type 0
[    2.892434] random: systemd-udevd: uninitialized urandom read (16 bytes read)
[    2.895990] sd 2:0:0:0: [sda] 20971520 512-byte logical blocks: (10.7 GB/10.0 GiB)
[    2.896407] sd 2:0:1:0: [sdb] 20480 512-byte logical blocks: (10.5 MB/10.0 MiB)
[    2.899590] sd 2:0:0:0: [sda] Write Protect is off
[    2.899628] sd 2:0:1:0: [sdb] Write Protect is off
[    2.901853] sd 2:0:1:0: Attached scsi generic sg1 type 0
[    2.901978] sd 2:0:1:0: [sdb] Incomplete mode parameter data
[    2.904555] sd 2:0:1:0: [sdb] Assuming drive cache: write through
[    2.906195] sd 2:0:0:0: [sda] Incomplete mode parameter data
[    2.907491] sd 2:0:0:0: [sda] Assuming drive cache: write through
[    2.909734] sd 2:0:1:0: [sdb] Attached SCSI disk
[    2.912275]  sda: sda1
[    2.913822] sd 2:0:0:0: [sda] Attached SCSI disk
Begin: Loading essential drivers ... [    4.352264] raid6: sse2x1   gen() 11370 MB/s
[    4.400068] raid6: sse2x1   xor()  7784 MB/s
[    4.448228] raid6: sse2x2   gen() 13040 MB/s
[    4.496294] raid6: sse2x2   xor()  8822 MB/s
[    4.544017] raid6: sse2x4   gen() 15462 MB/s
[    4.592073] raid6: sse2x4   xor()  9570 MB/s
[    4.640532] raid6: avx2x1   gen() 19654 MB/s
[    4.688212] raid6: avx2x1   xor() 15219 MB/s
[    4.736016] raid6: avx2x2   gen() 23990 MB/s
[    4.784095] raid6: avx2x2   xor() 15328 MB/s
[    4.832156] raid6: avx2x4   gen() 26745 MB/s
[    4.880257] raid6: avx2x4   xor() 16428 MB/s
[    4.881298] raid6: using algorithm avx2x4 gen() 26745 MB/s
[    4.882586] raid6: .... xor() 16428 MB/s, rmw enabled
[    4.883778] raid6: using avx2x2 recovery algorithm
[    4.886728] xor: automatically using best checksumming function   avx       
[    4.890027] async_tx: api initialized (async)
done.
Begin: Running /scripts/init-premount ... done.
Begin: Mounting root file system ... Begin: Running /scripts/local-top ... done.
Begin: Running /scripts/local-premount ... [    4.934515] Btrfs loaded, crc32c=crc32c-intel
Scanning for Btrfs filesystems
done.
Warning: fsck not present, so skipping root file system
[    4.965552] EXT4-fs (sda1): mounted filesystem with ordered data mode. Opts: (null)
done.
Begin: Running /scripts/local-bottom ... done.
Begin: Running /scripts/init-bottom ... done.
[    5.127990] ip_tables: (C) 2000-2006 Netfilter Core Team
[    5.141643] systemd[1]: systemd 237 running in system mode. (+PAM +AUDIT +SELINUX +IMA +APPARMOR +SMACK +SYSVINIT +UTMP +LIBCRYPTSETUP +GCRYPT +GNUTLS +ACL +XZ +LZ4 +SECCOMP +BLKID +ELFUTILS +KMOD -IDN2 +IDN -PCRE2 default-hierarchy=hybrid)
[    5.146242] systemd[1]: Detected virtualization oracle.
[    5.147456] systemd[1]: Detected architecture x86-64.

Welcome to [1mUbuntu 18.04.3 LTS[0m!

[    5.153774] systemd[1]: Set hostname to <ubuntu>.
[    5.161658] systemd[1]: Initializing machine ID from random generator.
[    5.163133] systemd[1]: Installed transient /etc/machine-id file.
[    5.378939] systemd[1]: Reached target System Time Synchronized.
[[0;32m  OK  [0m] Reached target System Time Synchronized.
[    5.381415] systemd[1]: Reached target Swap.
[[0;32m  OK  [0m] Reached target Swap.
[    5.398413] systemd[1]: Reached target User and Group Name Lookups.
[[0;32m  OK  [0m] Reached target User and Group Name Lookups.
[    5.401787] systemd[1]: Started Forward Password Requests to Wall Directory Watch.
[[0;32m  OK  [0m] Started Forward Password Requests to Wall Directory Watch.
[[0;32m  OK  [0m] Created slice User and Session Slice.
[[0;32m  OK  [0m] Set up automount Arbitrary Executab…rmats File System Automount Point.
[[0;32m  OK  [0m] Created slice System Slice.
[[0;32m  OK  [0m] Listening on udev Control Socket.
[[0;32m  OK  [0m] Listening on Journal Socket.
         Mounting Huge Pages File System...
         Starting Load Kernel Modules...
[[0;32m  OK  [0m] Listening on Syslog Socket.
         Starting Set the console keyboard layout...
         Starting Create list of required st…ce nodes for the current kernel...
[[0;32m  OK  [0m] Listening on Network Service Netlink Socket.
[[0;32m  OK  [0m] Listening on LVM2 metadata daemon socket.
[[0;32m  OK  [0m] Listening on /dev/initctl Compatibility Named Pipe.
[[0;32m  OK  [0m] Listening on Device-mapper event daemon FIFOs.
[    5.473069] Loading iSCSI transport class v2.0-870.
         Starting Monitoring of LVM2 mirrors…ng dmeventd or progress polling...
[[0;32m  OK  [0m] Created slice system-serial\x2dgetty.slice.
[    5.478882] iscsi: registered transport (tcp)
         Starting Remount Root and Kernel File Systems...
[    5.497322] iscsi: registered transport (iser)
[[0;32m  OK  [0m] Listening on LVM2 poll daemon socket.
[[0;32m  OK  [0m] Reached target Slices.
         Mounting Kernel Debug File System...
         Mounting POSIX Message Queue File System...
         Starting Uncomplicated firewall...
[[0;32m  OK  [0m] Listening on udev Kernel Socket.
         Starting udev Coldplug all Devices...
[[0;32m  OK  [0m] Listening on Journal Audit Socket.
[[0;32m  OK  [0m] Listening on Journal Socket (/dev/log).
         Starting Journal Service...
[[0;32m  OK  [0m] Mounted Huge Pages File System.
[[0;32m  OK  [0m] Started Load Kernel Modules.
[[    5.563567] EXT4-fs (sda1): re-mounted. Opts: (null)
[0;32m  OK  [0m] Started Create list of required sta…vice nodes for the current kernel.
[[0;32m  OK  [0m] Mounted Kernel Debug File System.
[[0;32m  OK  [0m] Started Remount Root and Kernel File Systems.
[[0;32m  OK  [0m] Mounted POSIX Message Queue File System.
[[0;32m  OK  [0m] Started LVM2 metadata daemon.
         Starting Load/Save Random Seed...
         Starting Create Static Device Nodes in /dev...
         Starting Apply Kernel Variables...
         Mounting Kernel Configuration File System...
         Mounting FUSE Control File System...
[[0;32m  OK  [0m] Started Journal Service.
[[0;32m  OK  [0m] Started Uncomplicated firewall.
[[0;32m  OK  [0m] Started Monitoring of LVM2 mirrors,…sing dmeventd or progress polling.
[[0;32m  OK  [0m] Mounted Kernel Configuration File System.
[[0;32m  OK  [0m] Mounted FUSE Control File System.
         Starting Flush Journal to Persistent Storage...
[[0;32m  OK  [0m] Started Load/Save Random Seed.
[[0;32m  OK  [0m] Started udev Coldplug all Devices.
[[0;32m  OK  [0m] Started Create Static Device Nodes in /dev.
[[0;32m  OK  [0m] Started Apply Kernel Variables.
         Starting udev Kernel Device Manager...
[[0;32m  OK  [0m] Started udev Kernel Device Manager.
[[0;32m  OK  [0m] Started Flush Journal to Persistent Storage.
[[0;32m  OK  [0m] Found device /dev/ttyS0.
[[0;32m  OK  [0m] Listening on Load/Save RF Kill Switch Status /dev/rfkill Watch.
[[0;32m  OK  [0m] Started Set the console keyboard layout.
[[0;32m  OK  [0m] Reached target Local File Systems (Pre).
[[0;32m  OK  [0m] Reached target Local File Systems.
         Starting Commit a transient machine-id on disk...
         Starting ebtables ruleset management...
         Starting Tell Plymouth To Write Out Runtime Data...
         Starting Set console font and keymap...
         Starting Create Volatile Files and Directories...
         Starting AppArmor initialization...
[[0;32m  OK  [0m] Started Dispatch Password Requests to Console Directory Watch.
[[0;32m  OK  [0m] Reached target Local Encrypted Volumes.
[[0;32m  OK  [0m] Started Tell Plymouth To Write Out Runtime Data.
[[0;32m  OK  [0m] Started Set console font and keymap.
[[0;32m  OK  [0m] Started Create Volatile Files and Directories.
         Starting Update UTMP about System Boot/Shutdown...
[[0;32m  OK  [0m] Started Update UTMP about System Boot/Shutdown.
[[0;32m  OK  [0m] Started Commit a transient machine-id on disk.
[[0;32m  OK  [0m] Started ebtables ruleset management.
[[0;32m  OK  [0m] Started AppArmor initialization.
         Starting Initial cloud-init job (pre-networking)...
[    8.317050] cloud-init[640]: Cloud-init v. 19.2-36-g059d049c-0ubuntu2~18.04.1 running 'init-local' at Mon, 16 Mar 2020 16:38:32 +0000. Up 7.97 seconds.
[[0;32m  OK  [0m] Started Initial cloud-init job (pre-networking).
[[0;32m  OK  [0m] Reached target Network (Pre).
         Starting Network Service...
[[0;32m  OK  [0m] Started Network Service.
         Starting Wait for Network to be Configured...
         Starting Network Name Resolution...
[[0;32m  OK  [0m] Started Network Name Resolution.
[[0;32m  OK  [0m] Reached target Host and Network Name Lookups.
[[0;32m  OK  [0m] Reached target Network.
[[0;32m  OK  [0m] Started Wait for Network to be Configured.
         Starting Initial cloud-init job (metadata service crawler)...
[   10.777489] cloud-init[761]: Cloud-init v. 19.2-36-g059d049c-0ubuntu2~18.04.1 running 'init' at Mon, 16 Mar 2020 16:38:35 +0000. Up 10.65 seconds.
[   10.779434] cloud-init[761]: ci-info: ++++++++++++++++++++++++++++++++++++++Net device info++++++++++++++++++++++++++++++++++++++
[   10.781263] cloud-init[761]: ci-info: +--------+------+----------------------------+---------------+--------+-------------------+
[   10.783305] cloud-init[761]: ci-info: | Device |  Up  |          Address           |      Mask     | Scope  |     Hw-Address    |
[   10.785330] cloud-init[761]: ci-info: +--------+------+----------------------------+---------------+--------+-------------------+
[   10.787465] cloud-init[761]: ci-info: | enp0s3 | True |         10.0.2.15          | 255.255.255.0 | global | 02:4f:96:30:ef:2c |
[   10.789680] cloud-init[761]: ci-info: | enp0s3 | True | fe80::4f:96ff:fe30:ef2c/64 |       .       |  link  | 02:4f:96:30:ef:2c |
[   10.792339] cloud-init[761]: ci-info: |   lo   | True |         127.0.0.1          |   255.0.0.0   |  host  |         .         |
[   10.794136] cloud-init[761]: ci-info: |   lo   | True |          ::1/128           |       .       |  host  |         .         |
[   10.796455] cloud-init[761]: ci-info: +--------+------+----------------------------+---------------+--------+-------------------+
[   10.798115] cloud-init[761]: ci-info: ++++++++++++++++++++++++++++Route IPv4 info+++++++++++++++++++++++++++++
[   10.799815] cloud-init[761]: ci-info: +-------+-------------+----------+-----------------+-----------+-------+
[   10.801316] cloud-init[761]: ci-info: | Route | Destination | Gateway  |     Genmask     | Interface | Flags |
[   10.802573] cloud-init[761]: ci-info: +-------+-------------+----------+-----------------+-----------+-------+
[   10.804149] cloud-init[761]: ci-info: |   0   |   0.0.0.0   | 10.0.2.2 |     0.0.0.0     |   enp0s3  |   UG  |
[   10.805972] cloud-init[761]: ci-info: |   1   |   10.0.2.0  | 0.0.0.0  |  255.255.255.0  |   enp0s3  |   U   |
[   10.816386] cloud-init[761]: ci-info: |   2   |   10.0.2.2  | 0.0.0.0  | 255.255.255.255 |   enp0s3  |   UH  |
[   10.817846] cloud-init[761]: ci-info: +-------+-------------+----------+-----------------+-----------+-------+
[   10.819869] cloud-init[761]: ci-info: +++++++++++++++++++Route IPv6 info+++++++++++++++++++
[   10.821604] cloud-init[761]: ci-info: +-------+-------------+---------+-----------+-------+
[   10.823099] cloud-init[761]: ci-info: | Route | Destination | Gateway | Interface | Flags |
[   10.824446] cloud-init[761]: ci-info: +-------+-------------+---------+-----------+-------+
[   10.840207] cloud-init[761]: ci-info: |   1   |  fe80::/64  |    ::   |   enp0s3  |   U   |
[   10.841767] cloud-init[761]: ci-info: |   3   |    local    |    ::   |   enp0s3  |   U   |
[   10.842988] cloud-init[761]: ci-info: |   4   |   ff00::/8  |    ::   |   enp0s3  |   U   |
[   10.844116] cloud-init[761]: ci-info: +-------+-------------+---------+-----------+-------+
[   11.608950] cloud-init[761]: Generating public/private rsa key pair.
[   11.610636] cloud-init[761]: Your identification has been saved in /etc/ssh/ssh_host_rsa_key.
[   11.612221] cloud-init[761]: Your public key has been saved in /etc/ssh/ssh_host_rsa_key.pub.
[   11.613711] cloud-init[761]: The key fingerprint is:
[   11.614605] cloud-init[761]: SHA256:SiMbpismNukfVo7rdmBemehJPbiwQtX2ZYsADJm2rdI root@ubuntu-bionic
[   11.616281] cloud-init[761]: The key's randomart image is:
[   11.617371] cloud-init[761]: +---[RSA 2048]----+
[   11.618274] cloud-init[761]: | .=              |
[   11.619438] cloud-init[761]: | + o             |
[   11.620731] cloud-init[761]: |. o o            |
[   11.621402] cloud-init[761]: | . o +   o       |
[   11.622151] cloud-init[761]: | .o O.B S .      |
[   11.622907] cloud-init[761]: |.+EO+@ = .       |
[   11.632854] cloud-init[761]: |o X+*.o          |
[   11.634464] cloud-init[761]: |+*.Bo.           |
[   11.635904] cloud-init[761]: |*o*+.            |
[   11.637506] cloud-init[761]: +----[SHA256]-----+
[   11.638966] cloud-init[761]: Generating public/private dsa key pair.
[   11.648280] cloud-init[761]: Your identification has been saved in /etc/ssh/ssh_host_dsa_key.
[   11.650178] cloud-init[761]: Your public key has been saved in /etc/ssh/ssh_host_dsa_key.pub.
[   11.652273] cloud-init[761]: The key fingerprint is:
[   11.653475] cloud-init[761]: SHA256:KvrihruU2bUafsiG82W+VhyqGprB6zUgkP6Vt7C/Ifw root@ubuntu-bionic
[   11.655497] cloud-init[761]: The key's randomart image is:
[   11.657034] cloud-init[761]: +---[DSA 1024]----+
[   11.658531] cloud-init[761]: |                 |
[   11.660097] cloud-init[761]: | .               |
[   11.661955] cloud-init[761]: |o                |
[   11.663324] cloud-init[761]: |o     ..         |
[   11.664767] cloud-init[761]: |.o   =o.S        |
[   11.665719] cloud-init[761]: |o * +.=+.        |
[   11.667161] cloud-init[761]: |.Bo*+Boo         |
[   11.668043] cloud-init[761]: |+=B*B++ .        |
[   11.669307] cloud-init[761]: |*OB*+o.E.        |
[   11.670557] cloud-init[761]: +----[SHA256]-----+
[   11.671623] cloud-init[761]: Generating public/private ecdsa key pair.
[   11.673518] cloud-init[761]: Your identification has been saved in /etc/ssh/ssh_host_ecdsa_key.
[   11.675731] cloud-init[761]: Your public key has been saved in /etc/ssh/ssh_host_ecdsa_key.pub.
[   11.677839] cloud-init[761]: The key fingerprint is:
[   11.678916] cloud-init[761]: SHA256:Xlf/iEDmgdhNGQg+geXKV5oDD0JIF423rilbLEWpITc root@ubuntu-bionic
[   11.680528] cloud-init[761]: The key's randomart image is:
[   11.681886] cloud-init[761]: +---[ECDSA 256]---+
[   11.683179] cloud-init[761]: |.o.o+o+. .oo     |
[   11.684144] cloud-init[761]: |....o= +.+.      |
[   11.685226] cloud-init[761]: |..Eo+ * + =   .  |
[   11.696917] cloud-init[761]: |..++ * = + . . . |
[   11.697748] cloud-init[761]: | . .+ * S + .   .|
[   11.698823] cloud-init[761]: |  o  o o . o . ..|
[   11.699698] cloud-init[761]: | . oo   .   . . .|
[   11.700596] cloud-init[761]: | .oo             |
[   11.701661] cloud-init[761]: | .o              |
[   11.702961] cloud-init[761]: +----[SHA256]-----+
[   11.703972] cloud-init[761]: Generating public/private ed25519 key pair.
[   11.716310] cloud-init[761]: Your identification has been saved in /etc/ssh/ssh_host_ed25519_key.
[   11.717485] cloud-init[761]: Your public key has been saved in /etc/ssh/ssh_host_ed25519_key.pub.
[[0;32m  OK  [0m] Started Initial cloud-init job (metadata service crawler).
[[0;32m  OK  [0m] Reached target System Initialization.
[   11.734422] cloud-init[761]: The key fingerprint is:
[   11.748468] cloud-init[761]: SHA256:62JTe0GVz3EzC+JEAzVYXqATakLtOLpMbd/SjzGkXVk root@ubuntu-bionic
[[0;32m  OK  [0m] Started ACPI Events Check.
[   11.755580] cloud-init[761]: The key's randomart image is:
[[0;32m  OK  [0m] Started Daily Cleanup of Temporary Directories.
[[0;32m  OK  [0m] Listening on D-Bus System Message Bus Socket.
[   11.759735] cloud-init[761]: +--[ED25519 256]--+
[[0;32m  OK  [0m] Listening on UUID daemon activation socket.
[[0;32m  OK  [0m] Started Message of the Day.
         Starting Socket activation for snappy daemon.
[   11.768135] cloud-init[761]: |     ..  o*B.o   |
[   11.776023] cloud-init[761]: |    .  ...+o*..o.|
[[0;32m  OK  [0m] Started Daily apt download activities.
[   11.779113] cloud-init[[0;32m  OK  [0m] Started Daily apt upgrade and clean activities.
[761]: |     .oo ooo.E.o+|
[[0;32m  OK  [0m] [   11.796315] cloud-init[761]: |     oo.  o.o o. |
[   11.797101] cloud-init[761]: |    o . So o     |
[   11.798098] cloud-init[761]: |   o o  =.o      |
[   11.798657] cloud-init[761]: |  o o .o+= .     |
Listening on Open-iSCSI iscsid Socket.[   11.800345] cloud-init[761]: |   o  ++.o=      |
[   11.801388] cloud-init[761]: |     . ooo..     |
[   11.802475] cloud-init[761]: +----[SHA256]-----+

[[0;32m  OK  [0m] Listening on ACPID Listen Socket.
[[0;32m  OK  [0m] Reached target Paths.
[[0;32m  OK  [0m] Started Discard unused blocks once a week.
[[0;32m  OK  [0m] Reached target Timers.
         Starting LXD - unix socket.
[[0;32m  OK  [0m] Reached target Cloud-config availability.
[[0;32m  OK  [0m] Reached target Network is Online.
         Starting Availability of block devices...
[[0;32m  OK  [0m] Reached target Remote File Systems (Pre).
[[0;32m  OK  [0m] Reached target Remote File Systems.
[[0;32m  OK  [0m] Listening on Socket activation for snappy daemon.
[[0;32m  OK  [0m] Listening on LXD - unix socket.
[[0;32m  OK  [0m] Started Availability of block devices.
[[0;32m  OK  [0m] Reached target Sockets.
[[0;32m  OK  [0m] Reached target Basic System.
         Starting Accounts Service...
         Starting Login Service...
         Starting LXD - container startup/shutdown...
         Starting LSB: automatic crash report generation...
[[0;32m  OK  [0m] Started FUSE filesystem for LXC.
[[0;32m  OK  [0m] Started Deferred execution scheduler.
         Starting Snappy daemon...
         Starting Dispatcher daemon for systemd-networkd...
[[0;32m  OK  [0m] Started irqbalance daemon.
         Starting Permit User Sessions...
         Starting Virtualbox guest utils...
[[0;32m  OK  [0m] Started Regular background program processing daemon.
         Starting System Logging Service...
[[0;32m  OK  [0m] Started D-Bus System Message Bus.
[[0;32m  OK  [0m] Started Login Service.
[[0;32m  OK  [0m] Started Unattended Upgrades Shutdown.
         Starting Pollinate to seed the pseudo random number generator...
         Starting LSB: Record successful boot for GRUB...
[[0;32m  OK  [0m] Started System Logging Service.
[[0;32m  OK  [0m] Started LXD - container startup/shutdown.
[[0;32m  OK  [0m] Started Permit User Sessions.
         Starting Terminate Plymouth Boot Screen...
         Starting Hold until boot process finishes up...
[[0;32m  OK  [0m] Started Terminate Plymouth Boot Screen.
[[0;32m  OK  [0m] Started Hold until boot process finishes up.
         Starting Set console scheme...
[[0;32m  OK  [0m] Started Serial Getty on ttyS0.
         Starting Authorization Manager...
[[0;32m  OK  [0m] Started Dispatcher daemon for systemd-networkd.
[[0;32m  OK  [0m] Started Set console scheme.
[[0;32m  OK  [0m] Created slice system-getty.slice.
[[0;32m  OK  [0m] Started Getty on tty1.
[[0;32m  OK  [0m] Reached target Login Prompts.
[[0;32m  OK  [0m] Started LSB: automatic crash report generation.
[[0;32m  OK  [0m] Started Authorization Manager.
[[0;32m  OK  [0m] Started Accounts Service.
[[0;32m  OK  [0m] Started LSB: Record successful boot for GRUB.
[[0;32m  OK  [0m] Started Virtualbox guest utils.
[[0;32m  OK  [0m] Started Snappy daemon.
         Starting Wait until snapd is fully seeded...
[[0;32m  OK  [0m] Started Pollinate to seed the pseudo random number generator.
         Starting OpenBSD Secure Shell server...
[[0;32m  OK  [0m] Started OpenBSD Secure Shell server.
[[0;32m  OK  [0m] Created slice User Slice of vagrant.
         Starting User Manager for UID 1000...
[[0;32m  OK  [0m] Started Session 1 of user vagrant.
[[0;32m  OK  [0m] Started User Manager for UID 1000.
         Stopping User Manager for UID 1000...
[[0;32m  OK  [0m] Stopped User Manager for UID 1000.
[[0;32m  OK  [0m] Removed slice User Slice of vagrant.
[[0;32m  OK  [0m] Created slice User Slice of vagrant.
         Starting User Manager for UID 1000...
[[0;32m  OK  [0m] Started Session 3 of user vagrant.
[[0;32m  OK  [0m] Started User Manager for UID 1000.

Ubuntu 18.04.3 LTS ubuntu-bionic ttyS0

ubuntu-bionic login: [   24.306274] cloud-init[2285]: Cloud-init v. 19.2-36-g059d049c-0ubuntu2~18.04.1 running 'modules:config' at Mon, 16 Mar 2020 16:38:48 +0000. Up 23.96 seconds.
ci-info: no authorized ssh keys fingerprints found for user ubuntu.
<14>Mar 16 16:38:49 ec2: 
<14>Mar 16 16:38:49 ec2: #############################################################
<14>Mar 16 16:38:49 ec2: -----BEGIN SSH HOST KEY FINGERPRINTS-----
<14>Mar 16 16:38:49 ec2: 1024 SHA256:KvrihruU2bUafsiG82W+VhyqGprB6zUgkP6Vt7C/Ifw root@ubuntu-bionic (DSA)
<14>Mar 16 16:38:49 ec2: 256 SHA256:Xlf/iEDmgdhNGQg+geXKV5oDD0JIF423rilbLEWpITc root@ubuntu-bionic (ECDSA)
<14>Mar 16 16:38:49 ec2: 256 SHA256:62JTe0GVz3EzC+JEAzVYXqATakLtOLpMbd/SjzGkXVk root@ubuntu-bionic (ED25519)
<14>Mar 16 16:38:49 ec2: 2048 SHA256:SiMbpismNukfVo7rdmBemehJPbiwQtX2ZYsADJm2rdI root@ubuntu-bionic (RSA)
<14>Mar 16 16:38:49 ec2: -----END SSH HOST KEY FINGERPRINTS-----
<14>Mar 16 16:38:49 ec2: #############################################################
-----BEGIN SSH HOST KEY KEYS-----
ecdsa-sha2-nistp256 AAAAE2VjZHNhLXNoYTItbmlzdHAyNTYAAAAIbmlzdHAyNTYAAABBBKQNOL1NQYB5QDxQ+16kvFdv5ZdD+Rg2BgLUn9UjBFfRq72EYKkB/JR0J2aqI6Gs9HCtTvs2AfOfAt5OG2IJy1M= root@ubuntu-bionic
ssh-ed25519 AAAAC3NzaC1lZDI1NTE5AAAAIBmG12F3toms+hiefDeI5UMOQU71KuUqLm9BmxOSSVpd root@ubuntu-bionic
ssh-rsa AAAAB3NzaC1yc2EAAAADAQABAAABAQC0++1D54Ej+11b3uizJcnM2JA4Oh6ZZrFRTLM1XPeE3QPSwA6erQpGAbmw+GzBu2BuJqsrUuqtcu7zAHPCP0c+s9xPmYAB9TfRQhGsidArrmibcokC68s1oFU8SGwPw4T7RJFf4lhBQofYdC75iYvtQxqRC28760gc4MkixrWEk6Q0ZP/VDlzTHJFI2QYZDqoDa7P1rzLFmY9u1+NrSHQFH5bBESLqNqUuDjz1soskKMqNWy4Tx1IU4s5MklfhGILRtCnPuZH0WDyQgeFRhMgc/+9sv06mWM/QGSQNMdcO6jhSgjhJ8Tu2bnqb7ZnSYhp3IFTrOMdNIrWGzhCkOWJj root@ubuntu-bionic
-----END SSH HOST KEY KEYS-----
[   24.835143] cloud-init[2338]: Cloud-init v. 19.2-36-g059d049c-0ubuntu2~18.04.1 running 'modules:final' at Mon, 16 Mar 2020 16:38:49 +0000. Up 24.68 seconds.
[   24.835242] cloud-init[2338]: ci-info: no authorized ssh keys fingerprints found for user ubuntu.
[   24.835795] cloud-init[2338]: Cloud-init v. 19.2-36-g059d049c-0ubuntu2~18.04.1 finished at Mon, 16 Mar 2020 16:38:49 +0000. Datasource DataSourceNoCloud [seed=/dev/sdb][dsmode=net].  Up 24.82 seconds
